<?xml version="1.0" encoding="UTF-8"?>
<testng-results skipped="0" failed="0" total="1" passed="1">
  <reporter-output>
  </reporter-output>
  <suite name="Parallel Tests" duration-ms="100673" started-at="2016-08-05T06:14:18Z" finished-at="2016-08-05T06:15:59Z">
    <groups>
    </groups>
    <test name="Basic_sanity" duration-ms="100673" started-at="2016-08-05T06:14:18Z" finished-at="2016-08-05T06:15:59Z">
      <class name="com.tribune.uiautomation.testscripts.TestEngine">
        <test-method status="PASS" signature="beforeSuit()[pri:0, instance:com.tribune.uiautomation.testscripts.TestEngine@1f78e951]" name="beforeSuit" is-config="true" duration-ms="13" started-at="2016-08-05T11:44:18Z" finished-at="2016-08-05T11:44:18Z">
          <reporter-output>
          </reporter-output>
        </test-method> <!-- beforeSuit -->
        <test-method status="PASS" signature="beforeTest(java.lang.String, java.lang.String, java.lang.String)[pri:0, instance:com.tribune.uiautomation.testscripts.TestEngine@1f78e951]" name="beforeTest" is-config="true" duration-ms="5" started-at="2016-08-05T11:44:18Z" finished-at="2016-08-05T11:44:18Z">
          <params>
            <param index="0">
              <value>
                <![CDATA[firefox]]>
              </value>
            </param>
            <param index="1">
              <value is-null="true"/>
            </param>
            <param index="2">
              <value>
                <![CDATA[web]]>
              </value>
            </param>
          </params>
          <reporter-output>
          </reporter-output>
        </test-method> <!-- beforeTest -->
        <test-method status="PASS" signature="Execution(java.lang.String, java.lang.String, org.testng.ITestContext)[pri:0, instance:com.tribune.uiautomation.testscripts.TestEngine@1f78e951]" name="Execution" duration-ms="98654" started-at="2016-08-05T11:44:18Z" finished-at="2016-08-05T11:45:57Z">
          <params>
            <param index="0">
              <value>
                <![CDATA[SanityDesktop]]>
              </value>
            </param>
            <param index="1">
              <value>
                <![CDATA[]]>
              </value>
            </param>
            <param index="2">
              <value>
                <![CDATA[org.testng.TestRunner@14d60d2b]]>
              </value>
            </param>
          </params>
          <reporter-output>
          </reporter-output>
        </test-method> <!-- Execution -->
        <test-method status="PASS" signature="afterTest(org.testng.ITestContext)[pri:0, instance:com.tribune.uiautomation.testscripts.TestEngine@1f78e951]" name="afterTest" is-config="true" duration-ms="2004" started-at="2016-08-05T11:45:57Z" finished-at="2016-08-05T11:45:59Z">
          <params>
            <param index="0">
              <value>
                <![CDATA[org.testng.TestRunner@14d60d2b]]>
              </value>
            </param>
          </params>
          <reporter-output>
          </reporter-output>
        </test-method> <!-- afterTest -->
        <test-method status="PASS" signature="afterSuit()[pri:0, instance:com.tribune.uiautomation.testscripts.TestEngine@1f78e951]" name="afterSuit" is-config="true" duration-ms="4" started-at="2016-08-05T11:45:59Z" finished-at="2016-08-05T11:45:59Z">
          <reporter-output>
          </reporter-output>
        </test-method> <!-- afterSuit -->
        <test-method status="PASS" signature="aftersuite1()[pri:0, instance:com.tribune.uiautomation.testscripts.TestEngine@1f78e951]" name="aftersuite1" is-config="true" duration-ms="0" started-at="2016-08-05T11:45:59Z" finished-at="2016-08-05T11:45:59Z">
          <reporter-output>
          </reporter-output>
        </test-method> <!-- aftersuite1 -->
      </class> <!-- com.tribune.uiautomation.testscripts.TestEngine -->
    </test> <!-- Basic_sanity -->
  </suite> <!-- Parallel Tests -->
</testng-results>
